<?xml version="1.0" encoding="UTF-8"?>
<robot generator="Robot 6.0.2 (Python 3.10.4 on win32)" generated="20230402 22:34:38.345" rpa="false" schemaversion="3">
<suite id="s1" name="Test1" source="E:\BELAJARQA\Python-RobotFramework\MobileAutomation\test1.robot">
<test id="s1-t1" name="Test 1" line="15">
<kw name="Open Application">
<kw name="Open Application">
<arg>${host}</arg>
<arg>platformName=${platform}</arg>
<arg>deviceName=${device}</arg>
<arg>udid=${udid}</arg>
<arg>appPackage=${appPackage}</arg>
<arg>appActivity=${appActivity}</arg>
<msg timestamp="20230402 22:34:38.661" level="FAIL">Keyword 'Open Application' expected 0 arguments, got 6.</msg>
<status status="FAIL" starttime="20230402 22:34:38.660" endtime="20230402 22:34:38.661"/>
</kw>
<status status="FAIL" starttime="20230402 22:34:38.660" endtime="20230402 22:34:38.661"/>
</kw>
<status status="FAIL" starttime="20230402 22:34:38.660" endtime="20230402 22:34:38.662">Keyword 'Open Application' expected 0 arguments, got 6.</status>
</test>
<status status="FAIL" starttime="20230402 22:34:38.347" endtime="20230402 22:34:38.663"/>
</suite>
<statistics>
<total>
<stat pass="0" fail="1" skip="0">All Tests</stat>
</total>
<tag>
</tag>
<suite>
<stat pass="0" fail="1" skip="0" id="s1" name="Test1">Test1</stat>
</suite>
</statistics>
<errors>
</errors>
</robot>
