<?xml version="1.0" encoding="UTF-8"?>
<robot generator="Robot 6.0.2 (Python 3.10.4 on win32)" generated="20230402 22:40:37.812" rpa="false" schemaversion="3">
<suite id="s1" name="Test1" source="E:\BELAJARQA\Python-RobotFramework\MobileAutomation\test1.robot">
<test id="s1-t1" name="Test 1" line="15">
<kw name="Open Application EriBank">
<kw name="Open Application" library="AppiumLibrary">
<arg>${host}</arg>
<arg>platformName=${platform}</arg>
<arg>deviceName=${device}</arg>
<arg>udid=${udid}</arg>
<arg>appPackage=${appPackage}</arg>
<arg>appActivity=${appActivity}</arg>
<doc>Opens a new application to given Appium server.
Capabilities of appium server, Android and iOS,
Please check https://github.com/appium/appium/blob/master/docs/en/writing-running-appium/server-args.md
| *Option*            | *Man.* | *Description*     |
| remote_url          | Yes    | Appium server url |
| alias               | no     | alias             |
| strict_ssl          | No     | allows you to send commands to an invalid certificate host like a self-signed one. |</doc>
<status status="PASS" starttime="20230402 22:40:38.117" endtime="20230402 22:40:52.670"/>
</kw>
<status status="PASS" starttime="20230402 22:40:38.116" endtime="20230402 22:40:52.670"/>
</kw>
<status status="PASS" starttime="20230402 22:40:38.116" endtime="20230402 22:40:52.671"/>
</test>
<status status="PASS" starttime="20230402 22:40:37.814" endtime="20230402 22:40:52.674"/>
</suite>
<statistics>
<total>
<stat pass="1" fail="0" skip="0">All Tests</stat>
</total>
<tag>
</tag>
<suite>
<stat pass="1" fail="0" skip="0" id="s1" name="Test1">Test1</stat>
</suite>
</statistics>
<errors>
</errors>
</robot>
