<?xml version="1.0" encoding="UTF-8"?>
<robot generator="Robot 6.0.2 (Python 3.10.4 on win32)" generated="20230402 15:03:31.233" rpa="false" schemaversion="3">
<suite id="s1" name="Test4" source="E:\BELAJARQA\Python-RobotFramework\WebAutomation\Test4.robot">
<test id="s1-t1" name="Case Search keyworrd with argument" line="40">
<kw name="GIVEN User Open Tokopedia Page" library="KeywordTest4">
<kw name="Open Browser" library="SeleniumLibrary">
<arg>https://www.tokopedia.com</arg>
<arg>chrome</arg>
<doc>Opens a new browser instance to the optional ``url``.</doc>
<msg timestamp="20230402 15:03:31.785" level="INFO">Opening browser 'chrome' to base url 'https://www.tokopedia.com'.</msg>
<status status="PASS" starttime="20230402 15:03:31.783" endtime="20230402 15:03:36.831"/>
</kw>
<kw name="Maximize Browser Window" library="SeleniumLibrary">
<doc>Maximizes current browser window.</doc>
<status status="PASS" starttime="20230402 15:03:36.832" endtime="20230402 15:03:37.031"/>
</kw>
<status status="PASS" starttime="20230402 15:03:31.783" endtime="20230402 15:03:37.032"/>
</kw>
<kw name="THEN user doing search">
<arg>Baju Batik</arg>
<arg>Baju Batik</arg>
<kw name="Write keyword" library="KeywordTest4">
<arg>${keyword}</arg>
<kw name="Input Text" library="SeleniumLibrary">
<arg>xpath=//*[@data-unify="Search"]</arg>
<arg>${keyword}</arg>
<doc>Types the given ``text`` into the text field identified by ``locator``.</doc>
<msg timestamp="20230402 15:03:37.039" level="INFO">Typing text 'Baju Batik' into text field 'xpath=//*[@data-unify="Search"]'.</msg>
<status status="PASS" starttime="20230402 15:03:37.036" endtime="20230402 15:03:37.396"/>
</kw>
<status status="PASS" starttime="20230402 15:03:37.034" endtime="20230402 15:03:37.397"/>
</kw>
<kw name="Press enter on search" library="KeywordTest4">
<kw name="Press Keys" library="SeleniumLibrary">
<arg>xpath=//*[@data-unify="Search"]</arg>
<arg>ENTER</arg>
<doc>Simulates the user pressing key(s) to an element or on the active browser.</doc>
<msg timestamp="20230402 15:03:37.399" level="INFO">Sending key(s) ('ENTER',) to xpath=//*[@data-unify="Search"] element.</msg>
<msg timestamp="20230402 15:03:37.972" level="INFO">Pressing special key ENTER to element.</msg>
<msg timestamp="20230402 15:03:37.973" level="INFO">Releasing special key ENTER.</msg>
<status status="PASS" starttime="20230402 15:03:37.398" endtime="20230402 15:03:38.607"/>
</kw>
<status status="PASS" starttime="20230402 15:03:37.397" endtime="20230402 15:03:38.609"/>
</kw>
<kw name="Sleep" library="BuiltIn">
<arg>3s</arg>
<doc>Pauses the test executed for the given time.</doc>
<msg timestamp="20230402 15:03:41.615" level="INFO">Slept 3 seconds</msg>
<status status="PASS" starttime="20230402 15:03:38.609" endtime="20230402 15:03:41.616"/>
</kw>
<kw name="Verify result" library="KeywordTest4">
<arg>${result}</arg>
<kw name="Page Should Contain Element" library="SeleniumLibrary">
<arg>xpath=//*[@class="css-8j9pkz"]/strong</arg>
<arg>${result}</arg>
<doc>Verifies that element ``locator`` is found on the current page.</doc>
<msg timestamp="20230402 15:03:41.663" level="INFO">Current page contains element 'xpath=//*[@class="css-8j9pkz"]/strong'.</msg>
<status status="PASS" starttime="20230402 15:03:41.617" endtime="20230402 15:03:41.663"/>
</kw>
<status status="PASS" starttime="20230402 15:03:41.616" endtime="20230402 15:03:41.663"/>
</kw>
<status status="PASS" starttime="20230402 15:03:37.033" endtime="20230402 15:03:41.664"/>
</kw>
<kw name="THEN user doing search">
<arg>Baju Kebaya</arg>
<arg>Baju Kebaya</arg>
<kw name="Write keyword" library="KeywordTest4">
<arg>${keyword}</arg>
<kw name="Input Text" library="SeleniumLibrary">
<arg>xpath=//*[@data-unify="Search"]</arg>
<arg>${keyword}</arg>
<doc>Types the given ``text`` into the text field identified by ``locator``.</doc>
<msg timestamp="20230402 15:03:41.668" level="INFO">Typing text 'Baju Kebaya' into text field 'xpath=//*[@data-unify="Search"]'.</msg>
<status status="PASS" starttime="20230402 15:03:41.665" endtime="20230402 15:03:41.825"/>
</kw>
<status status="PASS" starttime="20230402 15:03:41.665" endtime="20230402 15:03:41.825"/>
</kw>
<kw name="Press enter on search" library="KeywordTest4">
<kw name="Press Keys" library="SeleniumLibrary">
<arg>xpath=//*[@data-unify="Search"]</arg>
<arg>ENTER</arg>
<doc>Simulates the user pressing key(s) to an element or on the active browser.</doc>
<msg timestamp="20230402 15:03:41.827" level="INFO">Sending key(s) ('ENTER',) to xpath=//*[@data-unify="Search"] element.</msg>
<msg timestamp="20230402 15:03:42.304" level="INFO">Pressing special key ENTER to element.</msg>
<msg timestamp="20230402 15:03:42.305" level="INFO">Releasing special key ENTER.</msg>
<status status="PASS" starttime="20230402 15:03:41.826" endtime="20230402 15:03:42.454"/>
</kw>
<status status="PASS" starttime="20230402 15:03:41.825" endtime="20230402 15:03:42.454"/>
</kw>
<kw name="Sleep" library="BuiltIn">
<arg>3s</arg>
<doc>Pauses the test executed for the given time.</doc>
<msg timestamp="20230402 15:03:45.460" level="INFO">Slept 3 seconds</msg>
<status status="PASS" starttime="20230402 15:03:42.455" endtime="20230402 15:03:45.460"/>
</kw>
<kw name="Verify result" library="KeywordTest4">
<arg>${result}</arg>
<kw name="Page Should Contain Element" library="SeleniumLibrary">
<arg>xpath=//*[@class="css-8j9pkz"]/strong</arg>
<arg>${result}</arg>
<doc>Verifies that element ``locator`` is found on the current page.</doc>
<msg timestamp="20230402 15:03:45.493" level="INFO">Current page contains element 'xpath=//*[@class="css-8j9pkz"]/strong'.</msg>
<status status="PASS" starttime="20230402 15:03:45.462" endtime="20230402 15:03:45.494"/>
</kw>
<status status="PASS" starttime="20230402 15:03:45.461" endtime="20230402 15:03:45.495"/>
</kw>
<status status="PASS" starttime="20230402 15:03:41.665" endtime="20230402 15:03:45.495"/>
</kw>
<kw name="Close Browser" library="SeleniumLibrary" type="TEARDOWN">
<doc>Closes the current browser.</doc>
<status status="PASS" starttime="20230402 15:03:45.497" endtime="20230402 15:03:47.773"/>
</kw>
<tag>regression</tag>
<tag>Search</tag>
<status status="PASS" starttime="20230402 15:03:31.781" endtime="20230402 15:03:47.774"/>
</test>
<test id="s1-t2" name="Case Login Invalid on linkein" line="47">
<kw name="GIVEN User go to login page LinkedIn" library="KeywordTest5">
<kw name="Open Browser" library="SeleniumLibrary">
<arg>https://www.linkedin.com/</arg>
<arg>chrome</arg>
<doc>Opens a new browser instance to the optional ``url``.</doc>
<msg timestamp="20230402 15:03:47.794" level="INFO">Opening browser 'chrome' to base url 'https://www.linkedin.com/'.</msg>
<status status="PASS" starttime="20230402 15:03:47.790" endtime="20230402 15:03:51.502"/>
</kw>
<kw name="Maximize Browser Window" library="SeleniumLibrary">
<doc>Maximizes current browser window.</doc>
<status status="PASS" starttime="20230402 15:03:51.502" endtime="20230402 15:03:51.712"/>
</kw>
<status status="PASS" starttime="20230402 15:03:47.786" endtime="20230402 15:03:51.712"/>
</kw>
<kw name="THEN Invalid Login">
<arg>${empty}</arg>
<arg>${empty}</arg>
<arg>${notif_usn_empty}</arg>
<kw name="User input username" library="KeywordTest5">
<arg>${username}</arg>
<kw name="Input Text" library="SeleniumLibrary">
<arg>xpath=//*[@autocomplete="username"]</arg>
<arg>${username}</arg>
<doc>Types the given ``text`` into the text field identified by ``locator``.</doc>
<msg timestamp="20230402 15:03:51.716" level="INFO">Typing text '' into text field 'xpath=//*[@autocomplete="username"]'.</msg>
<status status="PASS" starttime="20230402 15:03:51.714" endtime="20230402 15:03:51.832"/>
</kw>
<status status="PASS" starttime="20230402 15:03:51.714" endtime="20230402 15:03:51.832"/>
</kw>
<kw name="User input password" library="KeywordTest5">
<arg>${password}</arg>
<kw name="Input Text" library="SeleniumLibrary">
<arg>xpath=//*[@autocomplete="current-password"]</arg>
<arg>${password}</arg>
<doc>Types the given ``text`` into the text field identified by ``locator``.</doc>
<msg timestamp="20230402 15:03:51.833" level="INFO">Typing text '' into text field 'xpath=//*[@autocomplete="current-password"]'.</msg>
<status status="PASS" starttime="20230402 15:03:51.833" endtime="20230402 15:03:51.939"/>
</kw>
<status status="PASS" starttime="20230402 15:03:51.832" endtime="20230402 15:03:51.939"/>
</kw>
<kw name="User click button login" library="KeywordTest5">
<kw name="Click Button" library="SeleniumLibrary">
<arg>xpath=//*[@data-id="sign-in-form__submit-btn"]</arg>
<doc>Clicks the button identified by ``locator``.</doc>
<msg timestamp="20230402 15:03:51.942" level="INFO">Clicking button 'xpath=//*[@data-id="sign-in-form__submit-btn"]'.</msg>
<status status="PASS" starttime="20230402 15:03:51.941" endtime="20230402 15:03:52.053"/>
</kw>
<status status="PASS" starttime="20230402 15:03:51.939" endtime="20230402 15:03:52.054"/>
</kw>
<kw name="Sleep" library="BuiltIn">
<arg>3s</arg>
<doc>Pauses the test executed for the given time.</doc>
<msg timestamp="20230402 15:03:55.058" level="INFO">Slept 3 seconds</msg>
<status status="PASS" starttime="20230402 15:03:52.054" endtime="20230402 15:03:55.059"/>
</kw>
<kw name="View notif invalid login" library="KeywordTest5">
<arg>${result}</arg>
<kw name="Page Should Contain" library="SeleniumLibrary">
<arg>${result}</arg>
<doc>Verifies that current page contains ``text``.</doc>
<msg timestamp="20230402 15:03:55.118" level="INFO">Current page contains text 'Please enter an email address or phone number'.</msg>
<status status="PASS" starttime="20230402 15:03:55.063" endtime="20230402 15:03:55.118"/>
</kw>
<status status="PASS" starttime="20230402 15:03:55.060" endtime="20230402 15:03:55.118"/>
</kw>
<status status="PASS" starttime="20230402 15:03:51.713" endtime="20230402 15:03:55.118"/>
</kw>
<kw name="THEN Invalid Login">
<arg>${valid_usn}</arg>
<arg>${empty}</arg>
<arg>${notif_pas_empty}</arg>
<kw name="User input username" library="KeywordTest5">
<arg>${username}</arg>
<kw name="Input Text" library="SeleniumLibrary">
<arg>xpath=//*[@autocomplete="username"]</arg>
<arg>${username}</arg>
<doc>Types the given ``text`` into the text field identified by ``locator``.</doc>
<msg timestamp="20230402 15:03:55.124" level="INFO">Typing text 'rendiardinata2@gmail.com' into text field 'xpath=//*[@autocomplete="username"]'.</msg>
<status status="PASS" starttime="20230402 15:03:55.121" endtime="20230402 15:03:55.254"/>
</kw>
<status status="PASS" starttime="20230402 15:03:55.121" endtime="20230402 15:03:55.254"/>
</kw>
<kw name="User input password" library="KeywordTest5">
<arg>${password}</arg>
<kw name="Input Text" library="SeleniumLibrary">
<arg>xpath=//*[@autocomplete="current-password"]</arg>
<arg>${password}</arg>
<doc>Types the given ``text`` into the text field identified by ``locator``.</doc>
<msg timestamp="20230402 15:03:55.256" level="INFO">Typing text '' into text field 'xpath=//*[@autocomplete="current-password"]'.</msg>
<status status="PASS" starttime="20230402 15:03:55.255" endtime="20230402 15:03:55.340"/>
</kw>
<status status="PASS" starttime="20230402 15:03:55.255" endtime="20230402 15:03:55.340"/>
</kw>
<kw name="User click button login" library="KeywordTest5">
<kw name="Click Button" library="SeleniumLibrary">
<arg>xpath=//*[@data-id="sign-in-form__submit-btn"]</arg>
<doc>Clicks the button identified by ``locator``.</doc>
<msg timestamp="20230402 15:03:55.342" level="INFO">Clicking button 'xpath=//*[@data-id="sign-in-form__submit-btn"]'.</msg>
<status status="PASS" starttime="20230402 15:03:55.341" endtime="20230402 15:03:55.476"/>
</kw>
<status status="PASS" starttime="20230402 15:03:55.340" endtime="20230402 15:03:55.477"/>
</kw>
<kw name="Sleep" library="BuiltIn">
<arg>3s</arg>
<doc>Pauses the test executed for the given time.</doc>
<msg timestamp="20230402 15:03:58.490" level="INFO">Slept 3 seconds</msg>
<status status="PASS" starttime="20230402 15:03:55.478" endtime="20230402 15:03:58.490"/>
</kw>
<kw name="View notif invalid login" library="KeywordTest5">
<arg>${result}</arg>
<kw name="Page Should Contain" library="SeleniumLibrary">
<arg>${result}</arg>
<doc>Verifies that current page contains ``text``.</doc>
<msg timestamp="20230402 15:03:58.508" level="INFO">Current page contains text 'Please enter a password'.</msg>
<status status="PASS" starttime="20230402 15:03:58.491" endtime="20230402 15:03:58.508"/>
</kw>
<status status="PASS" starttime="20230402 15:03:58.490" endtime="20230402 15:03:58.508"/>
</kw>
<status status="PASS" starttime="20230402 15:03:55.120" endtime="20230402 15:03:58.509"/>
</kw>
<kw name="THEN Invalid Login">
<arg>${valid_usn}</arg>
<arg>${pass_not_6character}</arg>
<arg>${notif_pass_not_6character}</arg>
<kw name="User input username" library="KeywordTest5">
<arg>${username}</arg>
<kw name="Input Text" library="SeleniumLibrary">
<arg>xpath=//*[@autocomplete="username"]</arg>
<arg>${username}</arg>
<doc>Types the given ``text`` into the text field identified by ``locator``.</doc>
<msg timestamp="20230402 15:03:58.513" level="INFO">Typing text 'rendiardinata2@gmail.com' into text field 'xpath=//*[@autocomplete="username"]'.</msg>
<status status="PASS" starttime="20230402 15:03:58.513" endtime="20230402 15:03:58.605"/>
</kw>
<status status="PASS" starttime="20230402 15:03:58.510" endtime="20230402 15:03:58.605"/>
</kw>
<kw name="User input password" library="KeywordTest5">
<arg>${password}</arg>
<kw name="Input Text" library="SeleniumLibrary">
<arg>xpath=//*[@autocomplete="current-password"]</arg>
<arg>${password}</arg>
<doc>Types the given ``text`` into the text field identified by ``locator``.</doc>
<msg timestamp="20230402 15:03:58.607" level="INFO">Typing text '123' into text field 'xpath=//*[@autocomplete="current-password"]'.</msg>
<status status="PASS" starttime="20230402 15:03:58.606" endtime="20230402 15:03:58.669"/>
</kw>
<status status="PASS" starttime="20230402 15:03:58.605" endtime="20230402 15:03:58.670"/>
</kw>
<kw name="User click button login" library="KeywordTest5">
<kw name="Click Button" library="SeleniumLibrary">
<arg>xpath=//*[@data-id="sign-in-form__submit-btn"]</arg>
<doc>Clicks the button identified by ``locator``.</doc>
<msg timestamp="20230402 15:03:58.671" level="INFO">Clicking button 'xpath=//*[@data-id="sign-in-form__submit-btn"]'.</msg>
<status status="PASS" starttime="20230402 15:03:58.670" endtime="20230402 15:03:58.731"/>
</kw>
<status status="PASS" starttime="20230402 15:03:58.670" endtime="20230402 15:03:58.731"/>
</kw>
<kw name="Sleep" library="BuiltIn">
<arg>3s</arg>
<doc>Pauses the test executed for the given time.</doc>
<msg timestamp="20230402 15:04:01.747" level="INFO">Slept 3 seconds</msg>
<status status="PASS" starttime="20230402 15:03:58.731" endtime="20230402 15:04:01.747"/>
</kw>
<kw name="View notif invalid login" library="KeywordTest5">
<arg>${result}</arg>
<kw name="Page Should Contain" library="SeleniumLibrary">
<arg>${result}</arg>
<doc>Verifies that current page contains ``text``.</doc>
<msg timestamp="20230402 15:04:01.795" level="INFO">Current page contains text 'The password you provided must have at least 6 characters'.</msg>
<status status="PASS" starttime="20230402 15:04:01.750" endtime="20230402 15:04:01.795"/>
</kw>
<status status="PASS" starttime="20230402 15:04:01.749" endtime="20230402 15:04:01.796"/>
</kw>
<status status="PASS" starttime="20230402 15:03:58.510" endtime="20230402 15:04:01.797"/>
</kw>
<kw name="THEN Invalid Login">
<arg>${valid_usn}</arg>
<arg>${invalid_pass}</arg>
<arg>${notif_wrong_pass}</arg>
<kw name="User input username" library="KeywordTest5">
<arg>${username}</arg>
<kw name="Input Text" library="SeleniumLibrary">
<arg>xpath=//*[@autocomplete="username"]</arg>
<arg>${username}</arg>
<doc>Types the given ``text`` into the text field identified by ``locator``.</doc>
<msg timestamp="20230402 15:04:01.801" level="INFO">Typing text 'rendiardinata2@gmail.com' into text field 'xpath=//*[@autocomplete="username"]'.</msg>
<status status="PASS" starttime="20230402 15:04:01.800" endtime="20230402 15:04:01.914"/>
</kw>
<status status="PASS" starttime="20230402 15:04:01.799" endtime="20230402 15:04:01.915"/>
</kw>
<kw name="User input password" library="KeywordTest5">
<arg>${password}</arg>
<kw name="Input Text" library="SeleniumLibrary">
<arg>xpath=//*[@autocomplete="current-password"]</arg>
<arg>${password}</arg>
<doc>Types the given ``text`` into the text field identified by ``locator``.</doc>
<msg timestamp="20230402 15:04:01.916" level="INFO">Typing text 'rendi12344' into text field 'xpath=//*[@autocomplete="current-password"]'.</msg>
<status status="PASS" starttime="20230402 15:04:01.915" endtime="20230402 15:04:02.036"/>
</kw>
<status status="PASS" starttime="20230402 15:04:01.915" endtime="20230402 15:04:02.036"/>
</kw>
<kw name="User click button login" library="KeywordTest5">
<kw name="Click Button" library="SeleniumLibrary">
<arg>xpath=//*[@data-id="sign-in-form__submit-btn"]</arg>
<doc>Clicks the button identified by ``locator``.</doc>
<msg timestamp="20230402 15:04:02.038" level="INFO">Clicking button 'xpath=//*[@data-id="sign-in-form__submit-btn"]'.</msg>
<status status="PASS" starttime="20230402 15:04:02.036" endtime="20230402 15:04:03.476"/>
</kw>
<status status="PASS" starttime="20230402 15:04:02.036" endtime="20230402 15:04:03.476"/>
</kw>
<kw name="Sleep" library="BuiltIn">
<arg>3s</arg>
<doc>Pauses the test executed for the given time.</doc>
<msg timestamp="20230402 15:04:06.481" level="INFO">Slept 3 seconds</msg>
<status status="PASS" starttime="20230402 15:04:03.476" endtime="20230402 15:04:06.482"/>
</kw>
<kw name="View notif invalid login" library="KeywordTest5">
<arg>${result}</arg>
<kw name="Page Should Contain" library="SeleniumLibrary">
<arg>${result}</arg>
<doc>Verifies that current page contains ``text``.</doc>
<msg timestamp="20230402 15:04:06.519" level="INFO">Current page contains text 'That's not the right password. Try again or'.</msg>
<status status="PASS" starttime="20230402 15:04:06.483" endtime="20230402 15:04:06.519"/>
</kw>
<status status="PASS" starttime="20230402 15:04:06.482" endtime="20230402 15:04:06.520"/>
</kw>
<status status="PASS" starttime="20230402 15:04:01.798" endtime="20230402 15:04:06.520"/>
</kw>
<kw name="Close Browser" library="SeleniumLibrary" type="TEARDOWN">
<doc>Closes the current browser.</doc>
<status status="PASS" starttime="20230402 15:04:06.521" endtime="20230402 15:04:08.789"/>
</kw>
<tag>Login</tag>
<tag>regression</tag>
<status status="PASS" starttime="20230402 15:03:47.782" endtime="20230402 15:04:08.790"/>
</test>
<test id="s1-t3" name="Case Login Success" line="55">
<kw name="GIVEN User go to login page LinkedIn" library="KeywordTest5">
<kw name="Open Browser" library="SeleniumLibrary">
<arg>https://www.linkedin.com/</arg>
<arg>chrome</arg>
<doc>Opens a new browser instance to the optional ``url``.</doc>
<msg timestamp="20230402 15:04:08.806" level="INFO">Opening browser 'chrome' to base url 'https://www.linkedin.com/'.</msg>
<status status="PASS" starttime="20230402 15:04:08.803" endtime="20230402 15:04:12.115"/>
</kw>
<kw name="Maximize Browser Window" library="SeleniumLibrary">
<doc>Maximizes current browser window.</doc>
<status status="PASS" starttime="20230402 15:04:12.115" endtime="20230402 15:04:12.317"/>
</kw>
<status status="PASS" starttime="20230402 15:04:08.801" endtime="20230402 15:04:12.318"/>
</kw>
<kw name="WHEN User input username" library="KeywordTest5">
<arg>${valid_usn}</arg>
<kw name="Input Text" library="SeleniumLibrary">
<arg>xpath=//*[@autocomplete="username"]</arg>
<arg>${username}</arg>
<doc>Types the given ``text`` into the text field identified by ``locator``.</doc>
<msg timestamp="20230402 15:04:12.323" level="INFO">Typing text 'rendiardinata2@gmail.com' into text field 'xpath=//*[@autocomplete="username"]'.</msg>
<status status="PASS" starttime="20230402 15:04:12.321" endtime="20230402 15:04:12.509"/>
</kw>
<status status="PASS" starttime="20230402 15:04:12.319" endtime="20230402 15:04:12.509"/>
</kw>
<kw name="AND User input password" library="KeywordTest5">
<arg>${valid_pass}</arg>
<kw name="Input Text" library="SeleniumLibrary">
<arg>xpath=//*[@autocomplete="current-password"]</arg>
<arg>${password}</arg>
<doc>Types the given ``text`` into the text field identified by ``locator``.</doc>
<msg timestamp="20230402 15:04:12.512" level="INFO">Typing text 'Phi2023!' into text field 'xpath=//*[@autocomplete="current-password"]'.</msg>
<status status="PASS" starttime="20230402 15:04:12.512" endtime="20230402 15:04:12.747"/>
</kw>
<status status="PASS" starttime="20230402 15:04:12.510" endtime="20230402 15:04:12.748"/>
</kw>
<kw name="AND User click button login" library="KeywordTest5">
<kw name="Click Button" library="SeleniumLibrary">
<arg>xpath=//*[@data-id="sign-in-form__submit-btn"]</arg>
<doc>Clicks the button identified by ``locator``.</doc>
<msg timestamp="20230402 15:04:12.754" level="INFO">Clicking button 'xpath=//*[@data-id="sign-in-form__submit-btn"]'.</msg>
<status status="PASS" starttime="20230402 15:04:12.751" endtime="20230402 15:04:21.247"/>
</kw>
<status status="PASS" starttime="20230402 15:04:12.750" endtime="20230402 15:04:21.247"/>
</kw>
<kw name="THEN View notid valid login" library="KeywordTest5">
<arg>${user}</arg>
<kw name="Sleep" library="BuiltIn">
<arg>3s</arg>
<doc>Pauses the test executed for the given time.</doc>
<msg timestamp="20230402 15:04:24.264" level="INFO">Slept 3 seconds</msg>
<status status="PASS" starttime="20230402 15:04:21.250" endtime="20230402 15:04:24.264"/>
</kw>
<kw name="Page Should Contain Element" library="SeleniumLibrary">
<arg>xpath=//*[@class="feed-identity-module__actor-meta break-words"]/a/div[2]</arg>
<arg>${user}</arg>
<doc>Verifies that element ``locator`` is found on the current page.</doc>
<msg timestamp="20230402 15:04:24.281" level="INFO">Current page contains element 'xpath=//*[@class="feed-identity-module__actor-meta break-words"]/a/div[2]'.</msg>
<status status="PASS" starttime="20230402 15:04:24.264" endtime="20230402 15:04:24.281"/>
</kw>
<status status="PASS" starttime="20230402 15:04:21.249" endtime="20230402 15:04:24.282"/>
</kw>
<kw name="Close Browser" library="SeleniumLibrary" type="TEARDOWN">
<doc>Closes the current browser.</doc>
<status status="PASS" starttime="20230402 15:04:24.283" endtime="20230402 15:04:26.520"/>
</kw>
<tag>Login</tag>
<tag>regression</tag>
<status status="PASS" starttime="20230402 15:04:08.798" endtime="20230402 15:04:26.522"/>
</test>
<status status="PASS" starttime="20230402 15:03:31.236" endtime="20230402 15:04:26.530"/>
</suite>
<statistics>
<total>
<stat pass="3" fail="0" skip="0">All Tests</stat>
</total>
<tag>
<stat pass="2" fail="0" skip="0">Login</stat>
<stat pass="3" fail="0" skip="0">regression</stat>
<stat pass="1" fail="0" skip="0">Search</stat>
</tag>
<suite>
<stat pass="3" fail="0" skip="0" id="s1" name="Test4">Test4</stat>
</suite>
</statistics>
<errors>
</errors>
</robot>
