<?xml version="1.0" encoding="UTF-8"?>
<robot generator="Robot 6.0.2 (Python 3.10.4 on win32)" generated="20230403 00:13:26.659" rpa="false" schemaversion="3">
<suite id="s1" name="Test1" source="E:\BELAJARQA\Python-RobotFramework\MobileAutomation\test1.robot">
<test id="s1-t1" name="Test Login Invalid" line="14">
<kw name="Open Application EriBank" library="Login">
<kw name="Open Application" library="AppiumLibrary">
<arg>${host}</arg>
<arg>platformName=${platform}</arg>
<arg>deviceName=${device}</arg>
<arg>udid=${udid}</arg>
<arg>appPackage=${appPackage}</arg>
<arg>appActivity=${appActivity}</arg>
<doc>Opens a new application to given Appium server.
Capabilities of appium server, Android and iOS,
Please check https://github.com/appium/appium/blob/master/docs/en/writing-running-appium/server-args.md
| *Option*            | *Man.* | *Description*     |
| remote_url          | Yes    | Appium server url |
| alias               | no     | alias             |
| strict_ssl          | No     | allows you to send commands to an invalid certificate host like a self-signed one. |</doc>
<status status="PASS" starttime="20230403 00:13:27.013" endtime="20230403 00:13:38.310"/>
</kw>
<status status="PASS" starttime="20230403 00:13:27.013" endtime="20230403 00:13:38.310"/>
</kw>
<kw name="Skip pop-up warning on login page" library="Login">
<kw name="Click Element" library="AppiumLibrary">
<arg>id=android:id/button1</arg>
<doc>Click element identified by `locator`.</doc>
<msg timestamp="20230403 00:13:38.316" level="INFO">Clicking element 'id=android:id/button1'.</msg>
<msg timestamp="20230403 00:13:38.765" level="INFO">criteria is android:id/button1</msg>
<status status="PASS" starttime="20230403 00:13:38.312" endtime="20230403 00:13:38.766"/>
</kw>
<status status="PASS" starttime="20230403 00:13:38.311" endtime="20230403 00:13:38.768"/>
</kw>
<kw name="Invalid Login">
<arg>${empty}</arg>
<arg>${empty}</arg>
<kw name="Input username" library="Login">
<arg>${username}</arg>
<kw name="Input Text" library="AppiumLibrary">
<arg>id=com.experitest.ExperiBank:id/usernameTextField</arg>
<arg>${username}</arg>
<doc>Types the given `text` into text field identified by `locator`.</doc>
<msg timestamp="20230403 00:13:38.773" level="INFO">Typing text '' into text field 'id=com.experitest.ExperiBank:id/usernameTextField'</msg>
<msg timestamp="20230403 00:13:39.996" level="INFO">criteria is com.experitest.ExperiBank:id/usernameTextField</msg>
<status status="PASS" starttime="20230403 00:13:38.770" endtime="20230403 00:13:39.996"/>
</kw>
<status status="PASS" starttime="20230403 00:13:38.770" endtime="20230403 00:13:39.997"/>
</kw>
<kw name="Input password" library="Login">
<arg>${password}</arg>
<kw name="Input Text" library="AppiumLibrary">
<arg>id=com.experitest.ExperiBank:id/passwordTextField</arg>
<arg>${password}</arg>
<doc>Types the given `text` into text field identified by `locator`.</doc>
<msg timestamp="20230403 00:13:40.001" level="INFO">Typing text '' into text field 'id=com.experitest.ExperiBank:id/passwordTextField'</msg>
<msg timestamp="20230403 00:13:40.671" level="INFO">criteria is com.experitest.ExperiBank:id/passwordTextField</msg>
<status status="PASS" starttime="20230403 00:13:39.997" endtime="20230403 00:13:40.671"/>
</kw>
<status status="PASS" starttime="20230403 00:13:39.997" endtime="20230403 00:13:40.671"/>
</kw>
<kw name="Click button login" library="Login">
<kw name="Click Element" library="AppiumLibrary">
<arg>id=loginButton</arg>
<doc>Click element identified by `locator`.</doc>
<msg timestamp="20230403 00:13:40.673" level="INFO">Clicking element 'id=loginButton'.</msg>
<msg timestamp="20230403 00:13:41.346" level="INFO">criteria is loginButton</msg>
<status status="PASS" starttime="20230403 00:13:40.671" endtime="20230403 00:13:41.346"/>
</kw>
<status status="PASS" starttime="20230403 00:13:40.671" endtime="20230403 00:13:41.347"/>
</kw>
<kw name="View Login Page EriBank" library="Login">
<kw name="Sleep" library="BuiltIn">
<arg>2s</arg>
<doc>Pauses the test executed for the given time.</doc>
<msg timestamp="20230403 00:13:43.349" level="INFO">Slept 2 seconds</msg>
<status status="PASS" starttime="20230403 00:13:41.347" endtime="20230403 00:13:43.350"/>
</kw>
<kw name="Page Should Contain Element" library="AppiumLibrary">
<arg>id=com.experitest.ExperiBank:id/loginButton</arg>
<arg>Login</arg>
<doc>Verifies that current page contains `locator` element.</doc>
<msg timestamp="20230403 00:13:43.484" level="INFO">Current page contains element 'id=com.experitest.ExperiBank:id/loginButton'.</msg>
<msg timestamp="20230403 00:13:43.484" level="INFO">criteria is com.experitest.ExperiBank:id/loginButton</msg>
<status status="PASS" starttime="20230403 00:13:43.350" endtime="20230403 00:13:43.485"/>
</kw>
<status status="PASS" starttime="20230403 00:13:41.347" endtime="20230403 00:13:43.486"/>
</kw>
<status status="PASS" starttime="20230403 00:13:38.768" endtime="20230403 00:13:43.487"/>
</kw>
<kw name="Invalid Login">
<arg>${empty}</arg>
<arg>${valid_pass}</arg>
<kw name="Input username" library="Login">
<arg>${username}</arg>
<kw name="Input Text" library="AppiumLibrary">
<arg>id=com.experitest.ExperiBank:id/usernameTextField</arg>
<arg>${username}</arg>
<doc>Types the given `text` into text field identified by `locator`.</doc>
<msg timestamp="20230403 00:13:43.508" level="INFO">Typing text '' into text field 'id=com.experitest.ExperiBank:id/usernameTextField'</msg>
<msg timestamp="20230403 00:13:44.207" level="INFO">criteria is com.experitest.ExperiBank:id/usernameTextField</msg>
<status status="PASS" starttime="20230403 00:13:43.493" endtime="20230403 00:13:44.207"/>
</kw>
<status status="PASS" starttime="20230403 00:13:43.492" endtime="20230403 00:13:44.208"/>
</kw>
<kw name="Input password" library="Login">
<arg>${password}</arg>
<kw name="Input Text" library="AppiumLibrary">
<arg>id=com.experitest.ExperiBank:id/passwordTextField</arg>
<arg>${password}</arg>
<doc>Types the given `text` into text field identified by `locator`.</doc>
<msg timestamp="20230403 00:13:44.214" level="INFO">Typing text 'company' into text field 'id=com.experitest.ExperiBank:id/passwordTextField'</msg>
<msg timestamp="20230403 00:13:44.893" level="INFO">criteria is com.experitest.ExperiBank:id/passwordTextField</msg>
<status status="PASS" starttime="20230403 00:13:44.209" endtime="20230403 00:13:44.893"/>
</kw>
<status status="PASS" starttime="20230403 00:13:44.208" endtime="20230403 00:13:44.894"/>
</kw>
<kw name="Click button login" library="Login">
<kw name="Click Element" library="AppiumLibrary">
<arg>id=loginButton</arg>
<doc>Click element identified by `locator`.</doc>
<msg timestamp="20230403 00:13:44.901" level="INFO">Clicking element 'id=loginButton'.</msg>
<msg timestamp="20230403 00:13:45.540" level="INFO">criteria is loginButton</msg>
<status status="PASS" starttime="20230403 00:13:44.895" endtime="20230403 00:13:45.540"/>
</kw>
<status status="PASS" starttime="20230403 00:13:44.894" endtime="20230403 00:13:45.540"/>
</kw>
<kw name="View Login Page EriBank" library="Login">
<kw name="Sleep" library="BuiltIn">
<arg>2s</arg>
<doc>Pauses the test executed for the given time.</doc>
<msg timestamp="20230403 00:13:47.548" level="INFO">Slept 2 seconds</msg>
<status status="PASS" starttime="20230403 00:13:45.541" endtime="20230403 00:13:47.548"/>
</kw>
<kw name="Page Should Contain Element" library="AppiumLibrary">
<arg>id=com.experitest.ExperiBank:id/loginButton</arg>
<arg>Login</arg>
<doc>Verifies that current page contains `locator` element.</doc>
<msg timestamp="20230403 00:13:47.662" level="INFO">Current page contains element 'id=com.experitest.ExperiBank:id/loginButton'.</msg>
<msg timestamp="20230403 00:13:47.662" level="INFO">criteria is com.experitest.ExperiBank:id/loginButton</msg>
<status status="PASS" starttime="20230403 00:13:47.549" endtime="20230403 00:13:47.662"/>
</kw>
<status status="PASS" starttime="20230403 00:13:45.540" endtime="20230403 00:13:47.663"/>
</kw>
<status status="PASS" starttime="20230403 00:13:43.489" endtime="20230403 00:13:47.663"/>
</kw>
<kw name="Invalid Login">
<arg>${valid_usn}</arg>
<arg>${empty}</arg>
<kw name="Input username" library="Login">
<arg>${username}</arg>
<kw name="Input Text" library="AppiumLibrary">
<arg>id=com.experitest.ExperiBank:id/usernameTextField</arg>
<arg>${username}</arg>
<doc>Types the given `text` into text field identified by `locator`.</doc>
<msg timestamp="20230403 00:13:47.672" level="INFO">Typing text 'company' into text field 'id=com.experitest.ExperiBank:id/usernameTextField'</msg>
<msg timestamp="20230403 00:13:47.931" level="INFO">criteria is com.experitest.ExperiBank:id/usernameTextField</msg>
<status status="PASS" starttime="20230403 00:13:47.665" endtime="20230403 00:13:47.931"/>
</kw>
<status status="PASS" starttime="20230403 00:13:47.665" endtime="20230403 00:13:47.931"/>
</kw>
<kw name="Input password" library="Login">
<arg>${password}</arg>
<kw name="Input Text" library="AppiumLibrary">
<arg>id=com.experitest.ExperiBank:id/passwordTextField</arg>
<arg>${password}</arg>
<doc>Types the given `text` into text field identified by `locator`.</doc>
<msg timestamp="20230403 00:13:47.933" level="INFO">Typing text '' into text field 'id=com.experitest.ExperiBank:id/passwordTextField'</msg>
<msg timestamp="20230403 00:13:49.101" level="INFO">criteria is com.experitest.ExperiBank:id/passwordTextField</msg>
<status status="PASS" starttime="20230403 00:13:47.932" endtime="20230403 00:13:49.101"/>
</kw>
<status status="PASS" starttime="20230403 00:13:47.931" endtime="20230403 00:13:49.102"/>
</kw>
<kw name="Click button login" library="Login">
<kw name="Click Element" library="AppiumLibrary">
<arg>id=loginButton</arg>
<doc>Click element identified by `locator`.</doc>
<msg timestamp="20230403 00:13:49.114" level="INFO">Clicking element 'id=loginButton'.</msg>
<msg timestamp="20230403 00:13:49.678" level="INFO">criteria is loginButton</msg>
<status status="PASS" starttime="20230403 00:13:49.105" endtime="20230403 00:13:49.678"/>
</kw>
<status status="PASS" starttime="20230403 00:13:49.102" endtime="20230403 00:13:49.678"/>
</kw>
<kw name="View Login Page EriBank" library="Login">
<kw name="Sleep" library="BuiltIn">
<arg>2s</arg>
<doc>Pauses the test executed for the given time.</doc>
<msg timestamp="20230403 00:13:51.693" level="INFO">Slept 2 seconds</msg>
<status status="PASS" starttime="20230403 00:13:49.678" endtime="20230403 00:13:51.693"/>
</kw>
<kw name="Page Should Contain Element" library="AppiumLibrary">
<arg>id=com.experitest.ExperiBank:id/loginButton</arg>
<arg>Login</arg>
<doc>Verifies that current page contains `locator` element.</doc>
<msg timestamp="20230403 00:13:51.807" level="INFO">Current page contains element 'id=com.experitest.ExperiBank:id/loginButton'.</msg>
<msg timestamp="20230403 00:13:51.807" level="INFO">criteria is com.experitest.ExperiBank:id/loginButton</msg>
<status status="PASS" starttime="20230403 00:13:51.694" endtime="20230403 00:13:51.807"/>
</kw>
<status status="PASS" starttime="20230403 00:13:49.678" endtime="20230403 00:13:51.807"/>
</kw>
<status status="PASS" starttime="20230403 00:13:47.664" endtime="20230403 00:13:51.808"/>
</kw>
<kw name="Invalid Login">
<arg>${valid_usn}</arg>
<arg>${invalid_usn}</arg>
<kw name="Input username" library="Login">
<arg>${username}</arg>
<kw name="Input Text" library="AppiumLibrary">
<arg>id=com.experitest.ExperiBank:id/usernameTextField</arg>
<arg>${username}</arg>
<doc>Types the given `text` into text field identified by `locator`.</doc>
<msg timestamp="20230403 00:13:51.818" level="INFO">Typing text 'company' into text field 'id=com.experitest.ExperiBank:id/usernameTextField'</msg>
<msg timestamp="20230403 00:13:52.553" level="INFO">criteria is com.experitest.ExperiBank:id/usernameTextField</msg>
<status status="PASS" starttime="20230403 00:13:51.811" endtime="20230403 00:13:52.553"/>
</kw>
<status status="PASS" starttime="20230403 00:13:51.810" endtime="20230403 00:13:52.554"/>
</kw>
<kw name="Input password" library="Login">
<arg>${password}</arg>
<kw name="Input Text" library="AppiumLibrary">
<arg>id=com.experitest.ExperiBank:id/passwordTextField</arg>
<arg>${password}</arg>
<doc>Types the given `text` into text field identified by `locator`.</doc>
<msg timestamp="20230403 00:13:52.564" level="INFO">Typing text 'commpany' into text field 'id=com.experitest.ExperiBank:id/passwordTextField'</msg>
<msg timestamp="20230403 00:13:53.710" level="INFO">criteria is com.experitest.ExperiBank:id/passwordTextField</msg>
<status status="PASS" starttime="20230403 00:13:52.559" endtime="20230403 00:13:53.710"/>
</kw>
<status status="PASS" starttime="20230403 00:13:52.555" endtime="20230403 00:13:53.711"/>
</kw>
<kw name="Click button login" library="Login">
<kw name="Click Element" library="AppiumLibrary">
<arg>id=loginButton</arg>
<doc>Click element identified by `locator`.</doc>
<msg timestamp="20230403 00:13:53.717" level="INFO">Clicking element 'id=loginButton'.</msg>
<msg timestamp="20230403 00:13:54.376" level="INFO">criteria is loginButton</msg>
<status status="PASS" starttime="20230403 00:13:53.712" endtime="20230403 00:13:54.376"/>
</kw>
<status status="PASS" starttime="20230403 00:13:53.711" endtime="20230403 00:13:54.376"/>
</kw>
<kw name="View Login Page EriBank" library="Login">
<kw name="Sleep" library="BuiltIn">
<arg>2s</arg>
<doc>Pauses the test executed for the given time.</doc>
<msg timestamp="20230403 00:13:56.390" level="INFO">Slept 2 seconds</msg>
<status status="PASS" starttime="20230403 00:13:54.377" endtime="20230403 00:13:56.391"/>
</kw>
<kw name="Page Should Contain Element" library="AppiumLibrary">
<arg>id=com.experitest.ExperiBank:id/loginButton</arg>
<arg>Login</arg>
<doc>Verifies that current page contains `locator` element.</doc>
<msg timestamp="20230403 00:13:56.514" level="INFO">Current page contains element 'id=com.experitest.ExperiBank:id/loginButton'.</msg>
<msg timestamp="20230403 00:13:56.514" level="INFO">criteria is com.experitest.ExperiBank:id/loginButton</msg>
<status status="PASS" starttime="20230403 00:13:56.391" endtime="20230403 00:13:56.515"/>
</kw>
<status status="PASS" starttime="20230403 00:13:54.376" endtime="20230403 00:13:56.515"/>
</kw>
<status status="PASS" starttime="20230403 00:13:51.809" endtime="20230403 00:13:56.516"/>
</kw>
<kw name="Invalid Login">
<arg>${invalid_usn}</arg>
<arg>${valid_pass}</arg>
<kw name="Input username" library="Login">
<arg>${username}</arg>
<kw name="Input Text" library="AppiumLibrary">
<arg>id=com.experitest.ExperiBank:id/usernameTextField</arg>
<arg>${username}</arg>
<doc>Types the given `text` into text field identified by `locator`.</doc>
<msg timestamp="20230403 00:13:56.535" level="INFO">Typing text 'commpany' into text field 'id=com.experitest.ExperiBank:id/usernameTextField'</msg>
<msg timestamp="20230403 00:13:56.783" level="INFO">criteria is com.experitest.ExperiBank:id/usernameTextField</msg>
<status status="PASS" starttime="20230403 00:13:56.521" endtime="20230403 00:13:56.783"/>
</kw>
<status status="PASS" starttime="20230403 00:13:56.519" endtime="20230403 00:13:56.783"/>
</kw>
<kw name="Input password" library="Login">
<arg>${password}</arg>
<kw name="Input Text" library="AppiumLibrary">
<arg>id=com.experitest.ExperiBank:id/passwordTextField</arg>
<arg>${password}</arg>
<doc>Types the given `text` into text field identified by `locator`.</doc>
<msg timestamp="20230403 00:13:56.785" level="INFO">Typing text 'company' into text field 'id=com.experitest.ExperiBank:id/passwordTextField'</msg>
<msg timestamp="20230403 00:13:57.962" level="INFO">criteria is com.experitest.ExperiBank:id/passwordTextField</msg>
<status status="PASS" starttime="20230403 00:13:56.783" endtime="20230403 00:13:57.963"/>
</kw>
<status status="PASS" starttime="20230403 00:13:56.783" endtime="20230403 00:13:57.963"/>
</kw>
<kw name="Click button login" library="Login">
<kw name="Click Element" library="AppiumLibrary">
<arg>id=loginButton</arg>
<doc>Click element identified by `locator`.</doc>
<msg timestamp="20230403 00:13:57.971" level="INFO">Clicking element 'id=loginButton'.</msg>
<msg timestamp="20230403 00:13:58.588" level="INFO">criteria is loginButton</msg>
<status status="PASS" starttime="20230403 00:13:57.965" endtime="20230403 00:13:58.588"/>
</kw>
<status status="PASS" starttime="20230403 00:13:57.964" endtime="20230403 00:13:58.588"/>
</kw>
<kw name="View Login Page EriBank" library="Login">
<kw name="Sleep" library="BuiltIn">
<arg>2s</arg>
<doc>Pauses the test executed for the given time.</doc>
<msg timestamp="20230403 00:14:00.595" level="INFO">Slept 2 seconds</msg>
<status status="PASS" starttime="20230403 00:13:58.590" endtime="20230403 00:14:00.595"/>
</kw>
<kw name="Page Should Contain Element" library="AppiumLibrary">
<arg>id=com.experitest.ExperiBank:id/loginButton</arg>
<arg>Login</arg>
<doc>Verifies that current page contains `locator` element.</doc>
<msg timestamp="20230403 00:14:00.706" level="INFO">Current page contains element 'id=com.experitest.ExperiBank:id/loginButton'.</msg>
<msg timestamp="20230403 00:14:00.707" level="INFO">criteria is com.experitest.ExperiBank:id/loginButton</msg>
<status status="PASS" starttime="20230403 00:14:00.596" endtime="20230403 00:14:00.707"/>
</kw>
<status status="PASS" starttime="20230403 00:13:58.589" endtime="20230403 00:14:00.709"/>
</kw>
<status status="PASS" starttime="20230403 00:13:56.517" endtime="20230403 00:14:00.710"/>
</kw>
<kw name="Invalid Login">
<arg>${invalid_usn}</arg>
<arg>${invalid_pass}</arg>
<kw name="Input username" library="Login">
<arg>${username}</arg>
<kw name="Input Text" library="AppiumLibrary">
<arg>id=com.experitest.ExperiBank:id/usernameTextField</arg>
<arg>${username}</arg>
<doc>Types the given `text` into text field identified by `locator`.</doc>
<msg timestamp="20230403 00:14:00.730" level="INFO">Typing text 'commpany' into text field 'id=com.experitest.ExperiBank:id/usernameTextField'</msg>
<msg timestamp="20230403 00:14:01.436" level="INFO">criteria is com.experitest.ExperiBank:id/usernameTextField</msg>
<status status="PASS" starttime="20230403 00:14:00.717" endtime="20230403 00:14:01.436"/>
</kw>
<status status="PASS" starttime="20230403 00:14:00.715" endtime="20230403 00:14:01.436"/>
</kw>
<kw name="Input password" library="Login">
<arg>${password}</arg>
<kw name="Input Text" library="AppiumLibrary">
<arg>id=com.experitest.ExperiBank:id/passwordTextField</arg>
<arg>${password}</arg>
<doc>Types the given `text` into text field identified by `locator`.</doc>
<msg timestamp="20230403 00:14:01.445" level="INFO">Typing text 'cmpnyk' into text field 'id=com.experitest.ExperiBank:id/passwordTextField'</msg>
<msg timestamp="20230403 00:14:02.595" level="INFO">criteria is com.experitest.ExperiBank:id/passwordTextField</msg>
<status status="PASS" starttime="20230403 00:14:01.438" endtime="20230403 00:14:02.595"/>
</kw>
<status status="PASS" starttime="20230403 00:14:01.437" endtime="20230403 00:14:02.596"/>
</kw>
<kw name="Click button login" library="Login">
<kw name="Click Element" library="AppiumLibrary">
<arg>id=loginButton</arg>
<doc>Click element identified by `locator`.</doc>
<msg timestamp="20230403 00:14:02.598" level="INFO">Clicking element 'id=loginButton'.</msg>
<msg timestamp="20230403 00:14:03.264" level="INFO">criteria is loginButton</msg>
<status status="PASS" starttime="20230403 00:14:02.596" endtime="20230403 00:14:03.264"/>
</kw>
<status status="PASS" starttime="20230403 00:14:02.596" endtime="20230403 00:14:03.264"/>
</kw>
<kw name="View Login Page EriBank" library="Login">
<kw name="Sleep" library="BuiltIn">
<arg>2s</arg>
<doc>Pauses the test executed for the given time.</doc>
<msg timestamp="20230403 00:14:05.279" level="INFO">Slept 2 seconds</msg>
<status status="PASS" starttime="20230403 00:14:03.265" endtime="20230403 00:14:05.279"/>
</kw>
<kw name="Page Should Contain Element" library="AppiumLibrary">
<arg>id=com.experitest.ExperiBank:id/loginButton</arg>
<arg>Login</arg>
<doc>Verifies that current page contains `locator` element.</doc>
<msg timestamp="20230403 00:14:05.386" level="INFO">Current page contains element 'id=com.experitest.ExperiBank:id/loginButton'.</msg>
<msg timestamp="20230403 00:14:05.386" level="INFO">criteria is com.experitest.ExperiBank:id/loginButton</msg>
<status status="PASS" starttime="20230403 00:14:05.280" endtime="20230403 00:14:05.386"/>
</kw>
<status status="PASS" starttime="20230403 00:14:03.264" endtime="20230403 00:14:05.386"/>
</kw>
<status status="PASS" starttime="20230403 00:14:00.712" endtime="20230403 00:14:05.386"/>
</kw>
<status status="PASS" starttime="20230403 00:13:27.011" endtime="20230403 00:14:05.387"/>
</test>
<test id="s1-t2" name="Test Login Success" line="24">
<kw name="Input username" library="Login">
<arg>${valid_usn}</arg>
<kw name="Input Text" library="AppiumLibrary">
<arg>id=com.experitest.ExperiBank:id/usernameTextField</arg>
<arg>${username}</arg>
<doc>Types the given `text` into text field identified by `locator`.</doc>
<msg timestamp="20230403 00:14:05.396" level="INFO">Typing text 'company' into text field 'id=com.experitest.ExperiBank:id/usernameTextField'</msg>
<msg timestamp="20230403 00:14:06.131" level="INFO">criteria is com.experitest.ExperiBank:id/usernameTextField</msg>
<status status="PASS" starttime="20230403 00:14:05.391" endtime="20230403 00:14:06.131"/>
</kw>
<status status="PASS" starttime="20230403 00:14:05.390" endtime="20230403 00:14:06.131"/>
</kw>
<kw name="Input password" library="Login">
<arg>${valid_pass}</arg>
<kw name="Input Text" library="AppiumLibrary">
<arg>id=com.experitest.ExperiBank:id/passwordTextField</arg>
<arg>${password}</arg>
<doc>Types the given `text` into text field identified by `locator`.</doc>
<msg timestamp="20230403 00:14:06.139" level="INFO">Typing text 'company' into text field 'id=com.experitest.ExperiBank:id/passwordTextField'</msg>
<msg timestamp="20230403 00:14:07.280" level="INFO">criteria is com.experitest.ExperiBank:id/passwordTextField</msg>
<status status="PASS" starttime="20230403 00:14:06.134" endtime="20230403 00:14:07.280"/>
</kw>
<status status="PASS" starttime="20230403 00:14:06.133" endtime="20230403 00:14:07.280"/>
</kw>
<kw name="Click button login" library="Login">
<kw name="Click Element" library="AppiumLibrary">
<arg>id=loginButton</arg>
<doc>Click element identified by `locator`.</doc>
<msg timestamp="20230403 00:14:07.284" level="INFO">Clicking element 'id=loginButton'.</msg>
<msg timestamp="20230403 00:14:07.899" level="INFO">criteria is loginButton</msg>
<status status="PASS" starttime="20230403 00:14:07.282" endtime="20230403 00:14:07.899"/>
</kw>
<status status="PASS" starttime="20230403 00:14:07.281" endtime="20230403 00:14:07.900"/>
</kw>
<kw name="View Page Login Success" library="Login">
<kw name="Sleep" library="BuiltIn">
<arg>2s</arg>
<doc>Pauses the test executed for the given time.</doc>
<msg timestamp="20230403 00:14:09.905" level="INFO">Slept 2 seconds</msg>
<status status="PASS" starttime="20230403 00:14:07.902" endtime="20230403 00:14:09.905"/>
</kw>
<kw name="Page Should Contain Element" library="AppiumLibrary">
<arg>id=com.experitest.ExperiBank:id/makePaymentButton</arg>
<arg>Make Payment</arg>
<doc>Verifies that current page contains `locator` element.</doc>
<msg timestamp="20230403 00:14:09.988" level="INFO">Current page contains element 'id=com.experitest.ExperiBank:id/makePaymentButton'.</msg>
<msg timestamp="20230403 00:14:09.989" level="INFO">criteria is com.experitest.ExperiBank:id/makePaymentButton</msg>
<status status="PASS" starttime="20230403 00:14:09.906" endtime="20230403 00:14:09.989"/>
</kw>
<status status="PASS" starttime="20230403 00:14:07.901" endtime="20230403 00:14:09.990"/>
</kw>
<status status="PASS" starttime="20230403 00:14:05.389" endtime="20230403 00:14:09.992"/>
</test>
<status status="PASS" starttime="20230403 00:13:26.664" endtime="20230403 00:14:09.998"/>
</suite>
<statistics>
<total>
<stat pass="2" fail="0" skip="0">All Tests</stat>
</total>
<tag>
</tag>
<suite>
<stat pass="2" fail="0" skip="0" id="s1" name="Test1">Test1</stat>
</suite>
</statistics>
<errors>
</errors>
</robot>
